2025-02-05 11:27:53,269 INFO osmnet Requesting network data within bounding box from Overpass API in 4 request(s)
2025-02-05 11:27:53,270 INFO osmnet Posting to http://www.overpass-api.de/api/interpreter with timeout=180, "{'data': '[out:json][timeout:180];(way["highway"]["highway"!~"motor|proposed|construction|abandoned|platform|raceway"]["foot"!~"no"]["pedestrians"!~"no"](42.89690109,-2.60325894,43.14928796,-2.16340993);>;);out;'}"
2025-02-05 11:28:28,713 INFO osmnet Requesting network data within bounding box from Overpass API in 4 request(s)
2025-02-05 11:28:28,713 INFO osmnet Posting to http://www.overpass-api.de/api/interpreter with timeout=180, "{'data': '[out:json][timeout:180];(way["highway"]["highway"!~"motor|proposed|construction|abandoned|platform|raceway"]["foot"!~"no"]["pedestrians"!~"no"](42.89690109,-2.60325894,43.14928796,-2.16340993);>;);out;'}"
2025-02-05 11:28:32,323 INFO osmnet Downloaded 46,730.7KB from www.overpass-api.de in 3.61 seconds
2025-02-05 11:28:33,354 INFO osmnet Posting to http://www.overpass-api.de/api/interpreter with timeout=180, "{'data': '[out:json][timeout:180];(way["highway"]["highway"!~"motor|proposed|construction|abandoned|platform|raceway"]["foot"!~"no"]["pedestrians"!~"no"](43.14691732,-2.60325894,43.39610678,-2.15998958);>;);out;'}"
2025-02-05 11:28:35,942 INFO osmnet Downloaded 34,849.4KB from www.overpass-api.de in 2.59 seconds
2025-02-05 11:28:36,476 INFO osmnet Posting to http://www.overpass-api.de/api/interpreter with timeout=180, "{'data': '[out:json][timeout:180];(way["highway"]["highway"!~"motor|proposed|construction|abandoned|platform|raceway"]["foot"!~"no"]["pedestrians"!~"no"](43.14289543,-2.16340992,43.39610678,-1.72713422);>;);out;'}"
2025-02-05 11:28:40,942 INFO osmnet Downloaded 57,100.7KB from www.overpass-api.de in 4.47 seconds
2025-02-05 11:28:42,115 INFO osmnet Posting to http://www.overpass-api.de/api/interpreter with timeout=180, "{'data': '[out:json][timeout:180];(way["highway"]["highway"!~"motor|proposed|construction|abandoned|platform|raceway"]["foot"!~"no"]["pedestrians"!~"no"](42.89690109,-2.16678659,43.14691732,-1.72713422);>;);out;'}"
2025-02-05 11:28:46,060 INFO osmnet Downloaded 38,876.3KB from www.overpass-api.de in 3.95 seconds
2025-02-05 11:28:47,286 INFO osmnet Downloaded OSM network data within bounding box from Overpass API in 4 request(s) and 18.57 seconds
2025-02-05 11:28:57,598 INFO osmnet 37,774 duplicate records removed. Took 10.26 seconds
2025-02-05 11:29:08,877 INFO osmnet Returning OSM data with 1,514,185 nodes and 110,191 ways...
2025-02-05 11:30:25,489 INFO osmnet Edge node pairs completed. Took 76.61 seconds
2025-02-05 11:30:25,663 INFO osmnet Returning processed graph with 123,903 nodes and 167,913 edges...
2025-02-05 11:30:25,663 INFO osmnet Completed OSM data download and Pandana node and edge table creation in 116.97 seconds
2025-02-05 11:35:21,758 INFO osmnet Requesting network data within bounding box from Overpass API in 4 request(s)
2025-02-05 11:35:21,758 INFO osmnet Posting to http://www.overpass-api.de/api/interpreter with timeout=180, "{'data': '[out:json][timeout:180];(way["highway"]["highway"!~"cycleway|footway|path|pedestrian|steps|track|proposed|construction|bridleway|abandoned|platform|raceway|service"]["motor_vehicle"!~"no"]["motorcar"!~"no"]["service"!~"parking|parking_aisle|driveway|emergency_access"](42.89690109,-2.60325894,43.14928796,-2.16340993);>;);out;'}"
2025-02-05 11:35:23,141 INFO osmnet Downloaded 13,190.5KB from www.overpass-api.de in 1.38 seconds
2025-02-05 11:35:23,358 INFO osmnet Posting to http://www.overpass-api.de/api/interpreter with timeout=180, "{'data': '[out:json][timeout:180];(way["highway"]["highway"!~"cycleway|footway|path|pedestrian|steps|track|proposed|construction|bridleway|abandoned|platform|raceway|service"]["motor_vehicle"!~"no"]["motorcar"!~"no"]["service"!~"parking|parking_aisle|driveway|emergency_access"](43.14691732,-2.60325894,43.39610678,-2.15998958);>;);out;'}"
2025-02-05 11:35:27,660 INFO osmnet Downloaded 10,925.3KB from www.overpass-api.de in 4.30 seconds
2025-02-05 11:35:27,839 INFO osmnet Posting to http://www.overpass-api.de/api/interpreter with timeout=180, "{'data': '[out:json][timeout:180];(way["highway"]["highway"!~"cycleway|footway|path|pedestrian|steps|track|proposed|construction|bridleway|abandoned|platform|raceway|service"]["motor_vehicle"!~"no"]["motorcar"!~"no"]["service"!~"parking|parking_aisle|driveway|emergency_access"](43.14289543,-2.16340992,43.39610678,-1.72713422);>;);out;'}"
2025-02-05 11:35:29,590 INFO osmnet Downloaded 16,857.7KB from www.overpass-api.de in 1.76 seconds
2025-02-05 11:35:29,994 INFO osmnet Posting to http://www.overpass-api.de/api/interpreter with timeout=180, "{'data': '[out:json][timeout:180];(way["highway"]["highway"!~"cycleway|footway|path|pedestrian|steps|track|proposed|construction|bridleway|abandoned|platform|raceway|service"]["motor_vehicle"!~"no"]["motorcar"!~"no"]["service"!~"parking|parking_aisle|driveway|emergency_access"](42.89690109,-2.16678659,43.14691732,-1.72713422);>;);out;'}"
2025-02-05 11:35:31,252 INFO osmnet Downloaded 7,816.6KB from www.overpass-api.de in 1.26 seconds
2025-02-05 11:35:31,391 INFO osmnet Downloaded OSM network data within bounding box from Overpass API in 4 request(s) and 9.63 seconds
2025-02-05 11:35:34,241 INFO osmnet 10,280 duplicate records removed. Took 2.85 seconds
2025-02-05 11:35:35,754 INFO osmnet Returning OSM data with 383,334 nodes and 34,524 ways...
2025-02-05 11:35:55,815 INFO osmnet Edge node pairs completed. Took 20.06 seconds
2025-02-05 11:35:55,868 INFO osmnet Returning processed graph with 33,192 nodes and 41,957 edges...
2025-02-05 11:35:55,868 INFO osmnet Completed OSM data download and Pandana node and edge table creation in 34.17 seconds
2025-02-05 11:37:59,096 INFO osmnet Requesting network data within bounding box from Overpass API in 4 request(s)
2025-02-05 11:37:59,097 INFO osmnet Posting to http://www.overpass-api.de/api/interpreter with timeout=180, "{'data': '[out:json][timeout:180];(way["highway"]["highway"!~"motor|proposed|construction|abandoned|platform|raceway"]["foot"!~"no"]["pedestrians"!~"no"](42.89690109,-2.60325894,43.14928796,-2.16340993);>;);out;'}"
2025-02-05 11:38:01,948 INFO osmnet Downloaded 46,730.7KB from www.overpass-api.de in 2.85 seconds
2025-02-05 11:38:02,815 INFO osmnet Posting to http://www.overpass-api.de/api/interpreter with timeout=180, "{'data': '[out:json][timeout:180];(way["highway"]["highway"!~"motor|proposed|construction|abandoned|platform|raceway"]["foot"!~"no"]["pedestrians"!~"no"](43.14691732,-2.60325894,43.39610678,-2.15998958);>;);out;'}"
2025-02-05 11:38:04,949 INFO osmnet Downloaded 34,849.4KB from www.overpass-api.de in 2.13 seconds
2025-02-05 11:38:05,480 INFO osmnet Posting to http://www.overpass-api.de/api/interpreter with timeout=180, "{'data': '[out:json][timeout:180];(way["highway"]["highway"!~"motor|proposed|construction|abandoned|platform|raceway"]["foot"!~"no"]["pedestrians"!~"no"](43.14289543,-2.16340992,43.39610678,-1.72713422);>;);out;'}"
2025-02-05 11:38:09,646 INFO osmnet Downloaded 57,100.7KB from www.overpass-api.de in 4.17 seconds
2025-02-05 11:38:11,055 INFO osmnet Posting to http://www.overpass-api.de/api/interpreter with timeout=180, "{'data': '[out:json][timeout:180];(way["highway"]["highway"!~"motor|proposed|construction|abandoned|platform|raceway"]["foot"!~"no"]["pedestrians"!~"no"](42.89690109,-2.16678659,43.14691732,-1.72713422);>;);out;'}"
2025-02-05 11:38:13,343 INFO osmnet Downloaded 38,876.3KB from www.overpass-api.de in 2.29 seconds
2025-02-05 11:38:14,921 INFO osmnet Downloaded OSM network data within bounding box from Overpass API in 4 request(s) and 15.83 seconds
2025-02-05 11:38:25,863 INFO osmnet 37,774 duplicate records removed. Took 10.90 seconds
2025-02-05 11:38:37,288 INFO osmnet Returning OSM data with 1,514,185 nodes and 110,191 ways...
2025-02-05 11:39:58,682 INFO osmnet Edge node pairs completed. Took 81.39 seconds
2025-02-05 11:39:58,865 INFO osmnet Returning processed graph with 123,903 nodes and 167,913 edges...
2025-02-05 11:39:58,865 INFO osmnet Completed OSM data download and Pandana node and edge table creation in 119.79 seconds
